[[1;34mINFO[m] Scanning for projects...
[[1;34mINFO[m] 
[[1;34mINFO[m] [1m------------------< [0;36mcom.foodmarketplace:user-service[0;1m >------------------[m
[[1;34mINFO[m] [1mBuilding User Service 1.0.0-SNAPSHOT[m
[[1;34mINFO[m] [1m--------------------------------[ jar ]---------------------------------[m
[[1;34mINFO[m] 
[[1;34mINFO[m] [1m--- [0;32mquarkus-maven-plugin:3.8.1:dev[m [1m(default-cli)[m @ [36muser-service[0;1m ---[m
[[1;34mINFO[m] Invoking resources:2.6:resources (default-resources) @ user-service
[[1;34mINFO[m] Using 'UTF-8' encoding to copy filtered resources.
[[1;34mINFO[m] Copying 2 resources
[[1;34mINFO[m] Invoking quarkus:3.8.1:generate-code (default) @ user-service
[[1;33mWARNING[m] [1m[[0;36mio.quarkus.bootstrap.resolver.maven.workspace.WorkspaceLoader[0;1m][m Module(s) under /app/food-marketplace/menu-service will be handled as thirdparty dependencies because /app/food-marketplace/menu-service/pom.xml does not exist
[[1;33mWARNING[m] [1m[[0;36mio.quarkus.bootstrap.resolver.maven.workspace.WorkspaceLoader[0;1m][m Module(s) under /app/food-marketplace/order-service will be handled as thirdparty dependencies because /app/food-marketplace/order-service/pom.xml does not exist
[[1;33mWARNING[m] [1m[[0;36mio.quarkus.bootstrap.resolver.maven.workspace.WorkspaceLoader[0;1m][m Module(s) under /app/food-marketplace/review-service will be handled as thirdparty dependencies because /app/food-marketplace/review-service/pom.xml does not exist
[[1;33mWARNING[m] [1m[[0;36mio.quarkus.bootstrap.resolver.maven.workspace.WorkspaceLoader[0;1m][m Module(s) under /app/food-marketplace/search-service will be handled as thirdparty dependencies because /app/food-marketplace/search-service/pom.xml does not exist
[[1;33mWARNING[m] [1m[[0;36mio.quarkus.bootstrap.resolver.maven.workspace.WorkspaceLoader[0;1m][m Module(s) under /app/food-marketplace/notification-service will be handled as thirdparty dependencies because /app/food-marketplace/notification-service/pom.xml does not exist
[[1;33mWARNING[m] [1m[[0;36mio.quarkus.bootstrap.resolver.maven.workspace.WorkspaceLoader[0;1m][m Module(s) under /app/food-marketplace/delivery-integration-service will be handled as thirdparty dependencies because /app/food-marketplace/delivery-integration-service/pom.xml does not exist
[[1;33mWARNING[m] [1m[[0;36mio.quarkus.bootstrap.resolver.maven.workspace.WorkspaceLoader[0;1m][m Module(s) under /app/food-marketplace/payment-integration-service will be handled as thirdparty dependencies because /app/food-marketplace/payment-integration-service/pom.xml does not exist
[[1;33mWARNING[m] [1m[[0;36mio.quarkus.bootstrap.resolver.maven.workspace.WorkspaceLoader[0;1m][m Module(s) under /app/food-marketplace/image-storage-service will be handled as thirdparty dependencies because /app/food-marketplace/image-storage-service/pom.xml does not exist
[[1;34mINFO[m] Invoking compiler:3.11.0:compile (default-compile) @ user-service
[[1;34mINFO[m] Changes detected - recompiling the module! :source
[[1;34mINFO[m] Compiling 6 source files with javac [debug target 17] to target/classes
[[1;34mINFO[m] Invoking resources:2.6:testResources (default-testResources) @ user-service
[[1;34mINFO[m] Using 'UTF-8' encoding to copy filtered resources.
[[1;34mINFO[m] skip non existing resourceDirectory /app/food-marketplace/user-service/src/test/resources
[[1;34mINFO[m] Invoking quarkus:3.8.1:generate-code-tests (default) @ user-service
[[1;33mWARNING[m] [1m[[0;36mio.quarkus.bootstrap.resolver.maven.workspace.WorkspaceLoader[0;1m][m Module(s) under /app/food-marketplace/menu-service will be handled as thirdparty dependencies because /app/food-marketplace/menu-service/pom.xml does not exist
[[1;33mWARNING[m] [1m[[0;36mio.quarkus.bootstrap.resolver.maven.workspace.WorkspaceLoader[0;1m][m Module(s) under /app/food-marketplace/order-service will be handled as thirdparty dependencies because /app/food-marketplace/order-service/pom.xml does not exist
[[1;33mWARNING[m] [1m[[0;36mio.quarkus.bootstrap.resolver.maven.workspace.WorkspaceLoader[0;1m][m Module(s) under /app/food-marketplace/review-service will be handled as thirdparty dependencies because /app/food-marketplace/review-service/pom.xml does not exist
[[1;33mWARNING[m] [1m[[0;36mio.quarkus.bootstrap.resolver.maven.workspace.WorkspaceLoader[0;1m][m Module(s) under /app/food-marketplace/search-service will be handled as thirdparty dependencies because /app/food-marketplace/search-service/pom.xml does not exist
[[1;33mWARNING[m] [1m[[0;36mio.quarkus.bootstrap.resolver.maven.workspace.WorkspaceLoader[0;1m][m Module(s) under /app/food-marketplace/notification-service will be handled as thirdparty dependencies because /app/food-marketplace/notification-service/pom.xml does not exist
[[1;33mWARNING[m] [1m[[0;36mio.quarkus.bootstrap.resolver.maven.workspace.WorkspaceLoader[0;1m][m Module(s) under /app/food-marketplace/delivery-integration-service will be handled as thirdparty dependencies because /app/food-marketplace/delivery-integration-service/pom.xml does not exist
[[1;33mWARNING[m] [1m[[0;36mio.quarkus.bootstrap.resolver.maven.workspace.WorkspaceLoader[0;1m][m Module(s) under /app/food-marketplace/payment-integration-service will be handled as thirdparty dependencies because /app/food-marketplace/payment-integration-service/pom.xml does not exist
[[1;33mWARNING[m] [1m[[0;36mio.quarkus.bootstrap.resolver.maven.workspace.WorkspaceLoader[0;1m][m Module(s) under /app/food-marketplace/image-storage-service will be handled as thirdparty dependencies because /app/food-marketplace/image-storage-service/pom.xml does not exist
[[1;34mINFO[m] Invoking compiler:3.11.0:testCompile (default-testCompile) @ user-service
[[1;34mINFO[m] No sources to compile

----------------------------
--- Help improve Quarkus ---
----------------------------
* Learn more: https://quarkus.io/usage/
* Do you agree to contribute anonymous build time data to the Quarkus community? (y/n and enter) 
[info] [Quarkus build analytics] Quarkus Build Analytics enabled by the user.

Listening for transport dt_socket at address: 5005
Press [e] to edit command line args (currently ''), [h] for more options>
Tests paused
Press [e] to edit command line args (currently ''), [r] to resume testing, [h] for more options>
Press [e] to edit command line args (currently ''), [r] to resume testing, [o] Toggle test output, [h] for more options>
__  ____  __  _____   ___  __ ____  ______ 
 --/ __ \/ / / / _ | / _ \/ //_/ / / / __/ 
 -/ /_/ / /_/ / __ |/ , _/ ,< / /_/ /\ \   
--\___\_\____/_/ |_/_/|_/_/|_|\____/___/   
2025-06-02 03:27:34,341 WARN  [org.hib.eng.jdb.spi.SqlExceptionHelper] (JPA Startup Thread) SQL Warning Code: 0, SQLState: 00000
2025-06-02 03:27:34,345 WARN  [org.hib.eng.jdb.spi.SqlExceptionHelper] (JPA Startup Thread) constraint "uk_6dotkott2kjsp8vw4d0m25fb7" of relation "users" does not exist, skipping
2025-06-02 03:27:34,350 WARN  [org.hib.eng.jdb.spi.SqlExceptionHelper] (JPA Startup Thread) SQL Warning Code: 0, SQLState: 00000
2025-06-02 03:27:34,350 WARN  [org.hib.eng.jdb.spi.SqlExceptionHelper] (JPA Startup Thread) constraint "uk_du5v5sr43g5bfnji4vb8hg5s3" of relation "users" does not exist, skipping
2025-06-02 03:27:34,696 INFO  [io.quarkus] (Quarkus Main Thread) user-service 1.0.0 on JVM (powered by Quarkus 3.8.1) started in 12.637s. Listening on: http://localhost:8081
2025-06-02 03:27:34,697 INFO  [io.quarkus] (Quarkus Main Thread) Profile dev activated. Live Coding activated.
2025-06-02 03:27:34,698 INFO  [io.quarkus] (Quarkus Main Thread) Installed features: [agroal, cdi, hibernate-orm, hibernate-orm-panache, hibernate-validator, jdbc-postgresql, micrometer, narayana-jta, oidc, resteasy-reactive, resteasy-reactive-jackson, security, smallrye-context-propagation, smallrye-health, smallrye-openapi, swagger-ui, vertx]
Debugger failed to attach: handshake failed - connection prematurally closed
